time="2026-05-23T09:57:13+02:00" level=warning msg="C:\\Users\\Utente\\Downloads\\cryptoTraderJules\\CryptoTraderJules\\docker-compose.yml: the attribute `version` is obsolete, it will be ignored, please remove it to avoid potential confusion"
cryptoscalper_signal_engine  | INFO:SignalEngine:Connecting to Redis at redis:6379
cryptoscalper_signal_engine  | INFO:SignalEngine:Loaded lane A: MomentumBurst + EMA regime (fast=8 slow=21 sep>=3 bps)
cryptoscalper_signal_engine  | INFO:SignalEngine:Loaded lane B: MomentumBurst + EMA regime (fast=5 slow=13 sep>=3 bps)
cryptoscalper_signal_engine  | INFO:SignalEngine:Aggregation=momentum_ema_strict | lanes=2 | ema_sep>=3 bps | cap=15/h/symbol
cryptoscalper_signal_engine  | INFO:SignalEngine:Signal Engine started. Waiting for ticks...
cryptoscalper_signal_engine  | INFO:SignalEngine:[Variant A] Signal: BUY ATOMUSDT (EMA sep 3.11 bps)
cryptoscalper_signal_engine  | INFO:SignalEngine:[Variant A] Signal: BUY ATOMUSDT (EMA sep 3.95 bps)
cryptoscalper_signal_engine  | INFO:SignalEngine:[Variant A] Signal: BUY ATOMUSDT (EMA sep 4.46 bps)
cryptoscalper_signal_engine  | INFO:SignalEngine:[Variant A] Signal: BUY ATOMUSDT (EMA sep 4.73 bps)
cryptoscalper_signal_engine  | INFO:SignalEngine:[Variant B] Signal: BUY NEARUSDT (EMA sep 3.23 bps)
cryptoscalper_signal_engine  | INFO:SignalEngine:[Variant B] Signal: BUY NEARUSDT (EMA sep 3.33 bps)
cryptoscalper_signal_engine  | INFO:SignalEngine:[Variant A] Signal: BUY NEARUSDT (EMA sep 3.01 bps)
cryptoscalper_signal_engine  | INFO:SignalEngine:[Variant A] Signal: BUY NEARUSDT (EMA sep 3.02 bps)
cryptoscalper_signal_engine  | INFO:SignalEngine:[Variant A] Signal: BUY NEARUSDT (EMA sep 3.09 bps)
cryptoscalper_signal_engine  | INFO:SignalEngine:[Variant A] Signal: BUY NEARUSDT (EMA sep 3.38 bps)
cryptoscalper_signal_engine  | INFO:SignalEngine:[Variant A] Signal: BUY NEARUSDT (EMA sep 3.51 bps)
cryptoscalper_signal_engine  | INFO:SignalEngine:[Variant A] Signal: BUY NEARUSDT (EMA sep 3.53 bps)
cryptoscalper_signal_engine  | INFO:SignalEngine:[Variant B] Signal: BUY UNIUSDT (EMA sep 3.19 bps)
cryptoscalper_signal_engine  | INFO:SignalEngine:[Variant A] Signal: BUY NEARUSDT (EMA sep 4.12 bps)
cryptoscalper_signal_engine  | INFO:SignalEngine:[Variant B] Signal: BUY UNIUSDT (EMA sep 3.76 bps)
cryptoscalper_signal_engine  | INFO:SignalEngine:[Variant B] Signal: BUY ATOMUSDT (EMA sep 3.11 bps)
cryptoscalper_signal_engine  | INFO:SignalEngine:[Variant A] Signal: BUY NEARUSDT (EMA sep 4.46 bps)
cryptoscalper_signal_engine  | INFO:SignalEngine:[Variant B] Signal: BUY UNIUSDT (EMA sep 3.91 bps)
cryptoscalper_signal_engine  | INFO:SignalEngine:[Variant A] Signal: BUY NEARUSDT (EMA sep 5.25 bps)
cryptoscalper_signal_engine  | INFO:SignalEngine:[Variant A] Signal: BUY NEARUSDT (EMA sep 5.06 bps)
cryptoscalper_signal_engine  | INFO:SignalEngine:[Variant A] Signal: BUY UNIUSDT (EMA sep 3.16 bps)
cryptoscalper_signal_engine  | INFO:SignalEngine:[Variant A] Signal: BUY NEARUSDT (EMA sep 4.82 bps)
cryptoscalper_signal_engine  | INFO:SignalEngine:[Variant A] Signal: BUY NEARUSDT (EMA sep 4.56 bps)
cryptoscalper_signal_engine  | INFO:SignalEngine:[Variant A] Signal: BUY UNIUSDT (EMA sep 3.31 bps)
cryptoscalper_signal_engine  | INFO:SignalEngine:[Variant A] Signal: BUY DOTUSDT (EMA sep 3.02 bps)
cryptoscalper_signal_engine  | INFO:SignalEngine:[Variant A] Signal: BUY UNIUSDT (EMA sep 3.36 bps)
cryptoscalper_signal_engine  | INFO:SignalEngine:[Variant A] Signal: BUY UNIUSDT (EMA sep 3.32 bps)
cryptoscalper_signal_engine  | INFO:SignalEngine:[Variant A] Signal: BUY DOTUSDT (EMA sep 3.06 bps)
cryptoscalper_signal_engine  | INFO:SignalEngine:[Variant A] Signal: BUY DOTUSDT (EMA sep 3.02 bps)
cryptoscalper_signal_engine  | INFO:SignalEngine:[Variant B] Signal: BUY NEARUSDT (EMA sep 3.66 bps)
cryptoscalper_signal_engine  | INFO:SignalEngine:[Variant A] Signal: BUY XRPUSDT (EMA sep 3.06 bps)
cryptoscalper_signal_engine  | INFO:SignalEngine:[Variant A] Signal: BUY XRPUSDT (EMA sep 3.12 bps)
cryptoscalper_signal_engine  | INFO:SignalEngine:[Variant B] Signal: BUY ATOMUSDT (EMA sep 3.22 bps)
cryptoscalper_signal_engine  | INFO:SignalEngine:[Variant B] Signal: BUY ATOMUSDT (EMA sep 3.13 bps)
cryptoscalper_signal_engine  | INFO:SignalEngine:[Variant A] Signal: BUY ATOMUSDT (EMA sep 3.21 bps)
cryptoscalper_signal_engine  | INFO:SignalEngine:[Variant A] Signal: BUY ATOMUSDT (EMA sep 3.71 bps)
cryptoscalper_signal_engine  | INFO:SignalEngine:[Variant A] Signal: BUY DOTUSDT (EMA sep 3.36 bps)
cryptoscalper_signal_engine  | INFO:SignalEngine:[Variant A] Signal: BUY DOTUSDT (EMA sep 4.05 bps)
cryptoscalper_signal_engine  | INFO:SignalEngine:[Variant A] Signal: BUY DOTUSDT (EMA sep 4.46 bps)
cryptoscalper_signal_engine  | INFO:SignalEngine:[Variant A] Signal: BUY XRPUSDT (EMA sep 3.10 bps)
cryptoscalper_signal_engine  | INFO:SignalEngine:[Variant A] Signal: BUY DOTUSDT (EMA sep 4.66 bps)
cryptoscalper_signal_engine  | INFO:SignalEngine:[Variant A] Signal: BUY DOTUSDT (EMA sep 4.71 bps)
cryptoscalper_signal_engine  | INFO:SignalEngine:[Variant A] Signal: BUY DOTUSDT (EMA sep 4.65 bps)
cryptoscalper_signal_engine  | INFO:SignalEngine:[Variant A] Signal: BUY DOTUSDT (EMA sep 4.51 bps)
cryptoscalper_signal_engine  | INFO:SignalEngine:[Variant A] Signal: BUY DOTUSDT (EMA sep 4.32 bps)
cryptoscalper_signal_engine  | INFO:SignalEngine:[Variant A] Signal: BUY DOTUSDT (EMA sep 4.10 bps)
cryptoscalper_signal_engine  | INFO:SignalEngine:[Variant A] Signal: BUY DOTUSDT (EMA sep 3.86 bps)
cryptoscalper_signal_engine  | INFO:SignalEngine:[Variant A] Signal: SELL XLMUSDT (EMA sep 3.25 bps)
cryptoscalper_signal_engine  | INFO:SignalEngine:[Variant A] Signal: SELL XLMUSDT (EMA sep 3.55 bps)
cryptoscalper_signal_engine  | INFO:SignalEngine:[Variant A] Signal: SELL XLMUSDT (EMA sep 3.69 bps)
cryptoscalper_signal_engine  | INFO:SignalEngine:[Variant A] Signal: SELL XLMUSDT (EMA sep 3.72 bps)
cryptoscalper_signal_engine  | INFO:SignalEngine:[Variant A] Signal: SELL XLMUSDT (EMA sep 3.66 bps)
cryptoscalper_signal_engine  | INFO:SignalEngine:[Variant A] Signal: SELL DOTUSDT (EMA sep 3.72 bps)
cryptoscalper_signal_engine  | INFO:SignalEngine:[Variant A] Signal: SELL DOTUSDT (EMA sep 4.37 bps)
cryptoscalper_signal_engine  | INFO:SignalEngine:[Variant A] Signal: BUY ATOMUSDT (EMA sep 3.18 bps)
cryptoscalper_signal_engine  | INFO:SignalEngine:[Variant A] Signal: BUY ATOMUSDT (EMA sep 3.39 bps)
cryptoscalper_signal_engine  | INFO:SignalEngine:[Variant B] Signal: SELL XLMUSDT (EMA sep 3.19 bps)
cryptoscalper_signal_engine  | INFO:SignalEngine:[Variant A] Signal: SELL BNBUSDT (EMA sep 3.27 bps)
cryptoscalper_signal_engine  | INFO:SignalEngine:[Variant A] Signal: SELL BNBUSDT (EMA sep 4.03 bps)
cryptoscalper_signal_engine  | INFO:SignalEngine:[Variant B] Signal: BUY ATOMUSDT (EMA sep 3.17 bps)
cryptoscalper_signal_engine  | INFO:SignalEngine:[Variant A] Signal: SELL BNBUSDT (EMA sep 3.64 bps)
cryptoscalper_signal_engine  | INFO:SignalEngine:[Variant B] Signal: SELL XLMUSDT (EMA sep 3.55 bps)
cryptoscalper_signal_engine  | INFO:SignalEngine:[Variant A] Signal: SELL BNBUSDT (EMA sep 3.42 bps)
cryptoscalper_signal_engine  | INFO:SignalEngine:[Variant A] Signal: SELL BNBUSDT (EMA sep 3.26 bps)
cryptoscalper_signal_engine  | INFO:SignalEngine:[Variant A] Signal: SELL XLMUSDT (EMA sep 3.38 bps)
cryptoscalper_signal_engine  | INFO:SignalEngine:[Variant A] Signal: SELL BNBUSDT (EMA sep 3.16 bps)
cryptoscalper_signal_engine  | INFO:SignalEngine:[Variant A] Signal: SELL XLMUSDT (EMA sep 3.70 bps)
cryptoscalper_signal_engine  | INFO:SignalEngine:[Variant A] Signal: SELL XLMUSDT (EMA sep 3.84 bps)
cryptoscalper_signal_engine  | INFO:SignalEngine:[Variant B] Signal: BUY ADAUSDT (EMA sep 3.04 bps)
cryptoscalper_signal_engine  | INFO:SignalEngine:[Variant B] Signal: BUY ADAUSDT (EMA sep 3.05 bps)
cryptoscalper_signal_engine  | INFO:SignalEngine:[Variant A] Signal: BUY ATOMUSDT (EMA sep 3.29 bps)
cryptoscalper_signal_engine  | INFO:SignalEngine:[Variant A] Signal: BUY DOTUSDT (EMA sep 3.40 bps)
cryptoscalper_signal_engine  | INFO:SignalEngine:[Variant A] Signal: BUY DOTUSDT (EMA sep 3.80 bps)
cryptoscalper_signal_engine  | INFO:SignalEngine:[Variant A] Signal: BUY ATOMUSDT (EMA sep 3.46 bps)
cryptoscalper_signal_engine  | INFO:SignalEngine:[Variant A] Signal: BUY DOTUSDT (EMA sep 4.00 bps)
cryptoscalper_signal_engine  | INFO:SignalEngine:[Variant A] Signal: BUY ATOMUSDT (EMA sep 3.51 bps)
cryptoscalper_signal_engine  | INFO:SignalEngine:[Variant A] Signal: BUY DOTUSDT (EMA sep 4.06 bps)
cryptoscalper_signal_engine  | INFO:SignalEngine:[Variant A] Signal: BUY ATOMUSDT (EMA sep 3.48 bps)
cryptoscalper_signal_engine  | INFO:SignalEngine:[Variant A] Signal: BUY ATOMUSDT (EMA sep 3.38 bps)
cryptoscalper_signal_engine  | INFO:SignalEngine:[Variant A] Signal: BUY DOTUSDT (EMA sep 4.03 bps)
cryptoscalper_signal_engine  | INFO:SignalEngine:[Variant B] Signal: SELL NEARUSDT (EMA sep 3.19 bps)
cryptoscalper_signal_engine  | INFO:SignalEngine:[Variant A] Signal: BUY DOTUSDT (EMA sep 3.92 bps)
cryptoscalper_signal_engine  | INFO:SignalEngine:[Variant A] Signal: BUY ATOMUSDT (EMA sep 3.24 bps)
cryptoscalper_signal_engine  | INFO:SignalEngine:[Variant A] Signal: BUY ATOMUSDT (EMA sep 3.08 bps)
cryptoscalper_signal_engine  | INFO:SignalEngine:[Variant A] Signal: BUY ATOMUSDT (EMA sep 3.55 bps)
cryptoscalper_signal_engine  | INFO:SignalEngine:[Variant B] Signal: SELL XLMUSDT (EMA sep 3.33 bps)
cryptoscalper_signal_engine  | INFO:SignalEngine:[Variant B] Signal: SELL UNIUSDT (EMA sep 3.25 bps)
cryptoscalper_signal_engine  | INFO:SignalEngine:[Variant B] Signal: SELL XLMUSDT (EMA sep 4.05 bps)
cryptoscalper_signal_engine  | INFO:SignalEngine:[Variant A] Signal: SELL XLMUSDT (EMA sep 3.07 bps)
cryptoscalper_signal_engine  | INFO:SignalEngine:[Variant A] Signal: SELL XLMUSDT (EMA sep 3.46 bps)
cryptoscalper_signal_engine  | INFO:SignalEngine:[Variant A] Signal: SELL XLMUSDT (EMA sep 3.66 bps)
cryptoscalper_signal_engine  | INFO:SignalEngine:[Variant A] Signal: SELL XLMUSDT (EMA sep 3.73 bps)
cryptoscalper_signal_engine  | INFO:SignalEngine:[Variant A] Signal: SELL XLMUSDT (EMA sep 3.71 bps)
cryptoscalper_signal_engine  | INFO:SignalEngine:[Variant A] Signal: SELL XLMUSDT (EMA sep 3.61 bps)
cryptoscalper_signal_engine  | INFO:SignalEngine:[Variant B] Signal: SELL LINKUSDT (EMA sep 3.00 bps)
cryptoscalper_signal_engine  | INFO:SignalEngine:[Variant A] Signal: SELL LINKUSDT (EMA sep 3.02 bps)
cryptoscalper_signal_engine  | INFO:SignalEngine:[Variant A] Signal: SELL LINKUSDT (EMA sep 3.53 bps)
cryptoscalper_signal_engine  | INFO:SignalEngine:[Variant A] Signal: SELL LINKUSDT (EMA sep 3.81 bps)
cryptoscalper_signal_engine  | INFO:SignalEngine:[Variant A] Signal: SELL LINKUSDT (EMA sep 3.94 bps)
cryptoscalper_signal_engine  | INFO:SignalEngine:[Variant A] Signal: SELL LINKUSDT (EMA sep 3.95 bps)
cryptoscalper_signal_engine  | INFO:SignalEngine:[Variant A] Signal: SELL LINKUSDT (EMA sep 4.02 bps)
cryptoscalper_signal_engine  | INFO:SignalEngine:[Variant A] Signal: SELL LINKUSDT (EMA sep 3.98 bps)
cryptoscalper_signal_engine  | INFO:SignalEngine:[Variant B] Signal: SELL XLMUSDT (EMA sep 3.62 bps)
cryptoscalper_signal_engine  | INFO:SignalEngine:[Variant A] Signal: SELL DOTUSDT (EMA sep 3.11 bps)
cryptoscalper_signal_engine  | INFO:SignalEngine:[Variant A] Signal: SELL LINKUSDT (EMA sep 4.03 bps)
cryptoscalper_signal_engine  | INFO:SignalEngine:[Variant A] Signal: SELL XLMUSDT (EMA sep 3.25 bps)
cryptoscalper_signal_engine  | INFO:SignalEngine:[Variant A] Signal: SELL LINKUSDT (EMA sep 3.97 bps)
cryptoscalper_signal_engine  | INFO:SignalEngine:[Variant A] Signal: SELL XLMUSDT (EMA sep 3.92 bps)
cryptoscalper_signal_engine  | INFO:SignalEngine:[Variant A] Signal: SELL DOTUSDT (EMA sep 3.24 bps)
cryptoscalper_signal_engine  | INFO:SignalEngine:[Variant A] Signal: SELL LINKUSDT (EMA sep 4.00 bps)
cryptoscalper_signal_engine  | INFO:SignalEngine:[Variant A] Signal: SELL XLMUSDT (EMA sep 4.31 bps)
cryptoscalper_signal_engine  | INFO:SignalEngine:[Variant A] Signal: SELL LINKUSDT (EMA sep 3.94 bps)
cryptoscalper_signal_engine  | INFO:SignalEngine:[Variant A] Signal: SELL DOTUSDT (EMA sep 3.27 bps)
cryptoscalper_signal_engine  | INFO:SignalEngine:[Variant A] Signal: SELL XLMUSDT (EMA sep 4.50 bps)
cryptoscalper_signal_engine  | INFO:SignalEngine:[Variant A] Signal: SELL LINKUSDT (EMA sep 3.67 bps)
cryptoscalper_signal_engine  | INFO:SignalEngine:[Variant A] Signal: SELL DOTUSDT (EMA sep 3.22 bps)
cryptoscalper_signal_engine  | INFO:SignalEngine:[Variant A] Signal: SELL XLMUSDT (EMA sep 4.55 bps)
cryptoscalper_signal_engine  | INFO:SignalEngine:[Variant A] Signal: SELL LINKUSDT (EMA sep 3.55 bps)
cryptoscalper_signal_engine  | INFO:SignalEngine:[Variant A] Signal: SELL XLMUSDT (EMA sep 4.49 bps)
cryptoscalper_signal_engine  | INFO:SignalEngine:[Variant A] Signal: SELL LINKUSDT (EMA sep 3.54 bps)
cryptoscalper_signal_engine  | INFO:SignalEngine:[Variant A] Signal: SELL DOTUSDT (EMA sep 3.01 bps)
cryptoscalper_signal_engine  | INFO:SignalEngine:[Variant A] Signal: SELL DOTUSDT (EMA sep 3.96 bps)
cryptoscalper_signal_engine  | INFO:SignalEngine:[Variant A] Signal: SELL DOTUSDT (EMA sep 4.55 bps)
cryptoscalper_signal_engine  | INFO:SignalEngine:[Variant A] Signal: SELL DOTUSDT (EMA sep 5.97 bps)
cryptoscalper_signal_engine  | INFO:SignalEngine:[Variant A] Signal: SELL DOTUSDT (EMA sep 6.84 bps)
cryptoscalper_signal_engine  | INFO:SignalEngine:[Variant B] Signal: SELL ATOMUSDT (EMA sep 3.56 bps)
cryptoscalper_signal_engine  | INFO:SignalEngine:[Variant B] Signal: SELL ATOMUSDT (EMA sep 3.89 bps)
cryptoscalper_signal_engine  | INFO:SignalEngine:[Variant B] Signal: SELL ATOMUSDT (EMA sep 3.89 bps)
cryptoscalper_signal_engine  | INFO:SignalEngine:[Variant B] Signal: SELL ATOMUSDT (EMA sep 3.71 bps)
cryptoscalper_signal_engine  | INFO:SignalEngine:[Variant A] Signal: SELL ETHUSDT (EMA sep 3.47 bps)
cryptoscalper_signal_engine  | INFO:SignalEngine:[Variant B] Signal: SELL ATOMUSDT (EMA sep 4.37 bps)
cryptoscalper_signal_engine  | INFO:SignalEngine:[Variant A] Signal: SELL ATOMUSDT (EMA sep 3.04 bps)
cryptoscalper_signal_engine  | INFO:SignalEngine:[Variant A] Signal: SELL ATOMUSDT (EMA sep 3.09 bps)
cryptoscalper_signal_engine  | INFO:SignalEngine:[Variant B] Signal: BUY XRPUSDT (EMA sep 3.11 bps)
cryptoscalper_signal_engine  | INFO:SignalEngine:[Variant B] Signal: SELL NEARUSDT (EMA sep 3.23 bps)
cryptoscalper_signal_engine  | INFO:SignalEngine:[Variant A] Signal: SELL NEARUSDT (EMA sep 3.40 bps)
cryptoscalper_signal_engine  | INFO:SignalEngine:[Variant A] Signal: SELL NEARUSDT (EMA sep 4.07 bps)
cryptoscalper_signal_engine  | INFO:SignalEngine:[Variant A] Signal: SELL NEARUSDT (EMA sep 4.46 bps)
cryptoscalper_signal_engine  | INFO:SignalEngine:[Variant A] Signal: SELL NEARUSDT (EMA sep 4.65 bps)
cryptoscalper_signal_engine  | INFO:SignalEngine:[Variant A] Signal: SELL NEARUSDT (EMA sep 4.69 bps)
cryptoscalper_signal_engine  | INFO:SignalEngine:[Variant A] Signal: SELL ETHUSDT (EMA sep 4.79 bps)
cryptoscalper_signal_engine  | INFO:SignalEngine:[Variant A] Signal: SELL NEARUSDT (EMA sep 4.62 bps)
cryptoscalper_signal_engine  | INFO:SignalEngine:[Variant A] Signal: SELL NEARUSDT (EMA sep 5.13 bps)
cryptoscalper_signal_engine  | INFO:SignalEngine:[Variant A] Signal: SELL NEARUSDT (EMA sep 5.38 bps)
cryptoscalper_signal_engine  | INFO:SignalEngine:[Variant A] Signal: SELL NEARUSDT (EMA sep 5.46 bps)
cryptoscalper_signal_engine  | INFO:SignalEngine:[Variant A] Signal: SELL NEARUSDT (EMA sep 5.40 bps)
cryptoscalper_signal_engine  | INFO:SignalEngine:[Variant A] Signal: SELL ETHUSDT (EMA sep 5.48 bps)
cryptoscalper_signal_engine  | INFO:SignalEngine:[Variant A] Signal: SELL ETHUSDT (EMA sep 6.01 bps)
cryptoscalper_signal_engine  | INFO:SignalEngine:[Variant A] Signal: SELL NEARUSDT (EMA sep 5.24 bps)
cryptoscalper_signal_engine  | INFO:SignalEngine:[Variant A] Signal: SELL ETHUSDT (EMA sep 6.42 bps)
cryptoscalper_signal_engine  | INFO:SignalEngine:[Variant A] Signal: SELL ETHUSDT (EMA sep 6.59 bps)
cryptoscalper_signal_engine  | INFO:SignalEngine:[Variant A] Signal: SELL NEARUSDT (EMA sep 5.03 bps)
cryptoscalper_signal_engine  | INFO:SignalEngine:[Variant A] Signal: SELL ETHUSDT (EMA sep 6.83 bps)
cryptoscalper_signal_engine  | INFO:SignalEngine:[Variant A] Signal: SELL NEARUSDT (EMA sep 4.78 bps)
cryptoscalper_signal_engine  | INFO:SignalEngine:[Variant A] Signal: SELL ETHUSDT (EMA sep 7.12 bps)
cryptoscalper_signal_engine  | INFO:SignalEngine:[Variant A] Signal: SELL ETHUSDT (EMA sep 7.36 bps)
cryptoscalper_signal_engine  | INFO:SignalEngine:[Variant A] Signal: BUY XRPUSDT (EMA sep 3.51 bps)
cryptoscalper_signal_engine  | INFO:SignalEngine:[Variant A] Signal: BUY XRPUSDT (EMA sep 3.40 bps)
cryptoscalper_signal_engine  | INFO:SignalEngine:[Variant A] Signal: BUY XRPUSDT (EMA sep 3.25 bps)
cryptoscalper_signal_engine  | INFO:SignalEngine:[Variant A] Signal: BUY XRPUSDT (EMA sep 3.28 bps)
cryptoscalper_signal_engine  | INFO:SignalEngine:[Variant A] Signal: BUY XRPUSDT (EMA sep 3.14 bps)
cryptoscalper_signal_engine  | INFO:SignalEngine:[Variant B] Signal: BUY BNBUSDT (EMA sep 3.19 bps)
cryptoscalper_signal_engine  | INFO:SignalEngine:[Variant A] Signal: SELL ETHUSDT (EMA sep 3.54 bps)
cryptoscalper_signal_engine  | INFO:SignalEngine:[Variant B] Signal: SELL ETHUSDT (EMA sep 4.84 bps)
cryptoscalper_signal_engine  | INFO:SignalEngine:[Variant A] Signal: SELL ETHUSDT (EMA sep 3.49 bps)
cryptoscalper_signal_engine  | INFO:SignalEngine:[Variant A] Signal: SELL ETHUSDT (EMA sep 4.32 bps)
cryptoscalper_signal_engine  | INFO:SignalEngine:[Variant A] Signal: SELL ETHUSDT (EMA sep 4.83 bps)
cryptoscalper_signal_engine  | INFO:SignalEngine:[Variant A] Signal: SELL ETHUSDT (EMA sep 5.08 bps)
cryptoscalper_signal_engine  | INFO:SignalEngine:[Variant B] Signal: SELL BNBUSDT (EMA sep 3.37 bps)
cryptoscalper_signal_engine  | INFO:SignalEngine:[Variant A] Signal: BUY BNBUSDT (EMA sep 4.78 bps)
cryptoscalper_signal_engine  | INFO:SignalEngine:[Variant A] Signal: BUY BNBUSDT (EMA sep 6.23 bps)
cryptoscalper_signal_engine  | INFO:SignalEngine:[Variant A] Signal: BUY XRPUSDT (EMA sep 3.69 bps)
cryptoscalper_signal_engine  | INFO:SignalEngine:[Variant A] Signal: BUY BNBUSDT (EMA sep 7.12 bps)
cryptoscalper_signal_engine  | INFO:SignalEngine:[Variant A] Signal: BUY BNBUSDT (EMA sep 7.61 bps)
cryptoscalper_signal_engine  | INFO:SignalEngine:[Variant A] Signal: BUY BNBUSDT (EMA sep 7.88 bps)
cryptoscalper_signal_engine  | INFO:SignalEngine:[Variant A] Signal: BUY BNBUSDT (EMA sep 11.36 bps)
cryptoscalper_signal_engine  | INFO:SignalEngine:[Variant A] Signal: BUY BNBUSDT (EMA sep 11.07 bps)
cryptoscalper_signal_engine  | INFO:SignalEngine:[Variant A] Signal: BUY BNBUSDT (EMA sep 10.65 bps)
cryptoscalper_signal_engine  | INFO:SignalEngine:[Variant A] Signal: BUY BNBUSDT (EMA sep 10.13 bps)
cryptoscalper_signal_engine  | INFO:SignalEngine:[Variant A] Signal: BUY BNBUSDT (EMA sep 9.57 bps)
cryptoscalper_signal_engine  | INFO:SignalEngine:[Variant B] Signal: SELL XRPUSDT (EMA sep 3.15 bps)
cryptoscalper_signal_engine  | INFO:SignalEngine:[Variant B] Signal: BUY XRPUSDT (EMA sep 3.95 bps)
cryptoscalper_signal_engine  | INFO:SignalEngine:[Variant A] Signal: BUY XRPUSDT (EMA sep 3.51 bps)
cryptoscalper_signal_engine  | INFO:SignalEngine:[Variant A] Signal: BUY XRPUSDT (EMA sep 4.00 bps)
cryptoscalper_signal_engine  | INFO:SignalEngine:[Variant A] Signal: BUY XRPUSDT (EMA sep 4.27 bps)
[Kcryptoscalper_signal_engine has been recreated
[Kcryptoscalper_signal_engine exited with code 137
cryptoscalper_signal_engine  | INFO:SignalEngine:Connecting to Redis at redis:6379
cryptoscalper_signal_engine  | INFO:SignalEngine:Loaded lane A: MomentumBurst + EMA regime (fast=8 slow=21 sep>=3 bps)
cryptoscalper_signal_engine  | INFO:SignalEngine:Loaded lane B: MomentumBurst + EMA regime (fast=5 slow=13 sep>=3 bps)
cryptoscalper_signal_engine  | INFO:SignalEngine:Aggregation=momentum_ema_strict | lanes=2 | ema_sep>=3 bps | cap=15/h/symbol
cryptoscalper_signal_engine  | INFO:SignalEngine:Signal Engine started. Waiting for ticks...
cryptoscalper_signal_engine  | INFO:SignalEngine:[Variant B] Signal: BUY XLMUSDT (EMA sep 3.18 bps)
cryptoscalper_signal_engine  | INFO:SignalEngine:[Variant B] Signal: BUY XLMUSDT (EMA sep 3.48 bps)
cryptoscalper_signal_engine  | INFO:SignalEngine:[Variant A] Signal: BUY XLMUSDT (EMA sep 3.47 bps)
cryptoscalper_signal_engine  | INFO:SignalEngine:[Variant A] Signal: BUY XLMUSDT (EMA sep 3.82 bps)
cryptoscalper_signal_engine  | INFO:SignalEngine:[Variant A] Signal: BUY XLMUSDT (EMA sep 3.99 bps)
cryptoscalper_signal_engine  | INFO:SignalEngine:[Variant A] Signal: BUY XLMUSDT (EMA sep 4.04 bps)
[Kcryptoscalper_signal_engine exited with code 137
al_engine  | INFO:SignalEngine:[Variant A] Signal: SELL ETHUSDT (EMA sep 3.47 bps)
cryptoscalper_signal_engine  | INFO:SignalEngine:[Variant B] Signal: SELL ATOMUSDT (EMA sep 4.37 bps)
cryptoscalper_signal_engine  | INFO:SignalEngine:[Variant A] Signal: SELL ATOMUSDT (EMA sep 3.04 bps)
cryptoscalper_signal_engine  | INFO:SignalEngine:[Variant A] Signal: SELL ATOMUSDT (EMA sep 3.09 bps)
cryptoscalper_signal_engine  | INFO:SignalEngine:[Variant B] Signal: BUY XRPUSDT (EMA sep 3.11 bps)
cryptoscalper_signal_engine  | INFO:SignalEngine:[Variant B] Signal: SELL NEARUSDT (EMA sep 3.23 bps)
cryptoscalper_signal_engine  | INFO:SignalEngine:[Variant A] Signal: SELL NEARUSDT (EMA sep 3.40 bps)
cryptoscalper_signal_engine  | INFO:SignalEngine:[Variant A] Signal: SELL NEARUSDT (EMA sep 4.07 bps)
cryptoscalper_signal_engine  | INFO:SignalEngine:[Variant A] Signal: SELL NEARUSDT (EMA sep 4.46 bps)
cryptoscalper_signal_engine  | INFO:SignalEngine:[Variant A] Signal: SELL NEARUSDT (EMA sep 4.65 bps)
cryptoscalper_signal_engine  | INFO:SignalEngine:[Variant A] Signal: SELL NEARUSDT (EMA sep 4.69 bps)
cryptoscalper_signal_engine  | INFO:SignalEngine:[Variant A] Signal: SELL ETHUSDT (EMA sep 4.79 bps)
cryptoscalper_signal_engine  | INFO:SignalEngine:[Variant A] Signal: SELL NEARUSDT (EMA sep 4.62 bps)
cryptoscalper_signal_engine  | INFO:SignalEngine:[Variant A] Signal: SELL NEARUSDT (EMA sep 5.13 bps)
cryptoscalper_signal_engine  | INFO:SignalEngine:[Variant A] Signal: SELL NEARUSDT (EMA sep 5.38 bps)
cryptoscalper_signal_engine  | INFO:SignalEngine:[Variant A] Signal: SELL NEARUSDT (EMA sep 5.46 bps)
cryptoscalper_signal_engine  | INFO:SignalEngine:[Variant A] Signal: SELL NEARUSDT (EMA sep 5.40 bps)
cryptoscalper_signal_engine  | INFO:SignalEngine:[Variant A] Signal: SELL ETHUSDT (EMA sep 5.48 bps)
cryptoscalper_signal_engine  | INFO:SignalEngine:[Variant A] Signal: SELL ETHUSDT (EMA sep 6.01 bps)
cryptoscalper_signal_engine  | INFO:SignalEngine:[Variant A] Signal: SELL NEARUSDT (EMA sep 5.24 bps)
cryptoscalper_signal_engine  | INFO:SignalEngine:[Variant A] Signal: SELL ETHUSDT (EMA sep 6.42 bps)
cryptoscalper_signal_engine  | INFO:SignalEngine:[Variant A] Signal: SELL ETHUSDT (EMA sep 6.59 bps)
cryptoscalper_signal_engine  | INFO:SignalEngine:[Variant A] Signal: SELL NEARUSDT (EMA sep 5.03 bps)
cryptoscalper_signal_engine  | INFO:SignalEngine:[Variant A] Signal: SELL ETHUSDT (EMA sep 6.83 bps)
cryptoscalper_signal_engine  | INFO:SignalEngine:[Variant A] Signal: SELL NEARUSDT (EMA sep 4.78 bps)
cryptoscalper_signal_engine  | INFO:SignalEngine:[Variant A] Signal: SELL ETHUSDT (EMA sep 7.12 bps)
cryptoscalper_signal_engine  | INFO:SignalEngine:[Variant A] Signal: SELL ETHUSDT (EMA sep 7.36 bps)
cryptoscalper_signal_engine  | INFO:SignalEngine:[Variant A] Signal: BUY XRPUSDT (EMA sep 3.51 bps)
cryptoscalper_signal_engine  | INFO:SignalEngine:[Variant A] Signal: BUY XRPUSDT (EMA sep 3.40 bps)
cryptoscalper_signal_engine  | INFO:SignalEngine:[Variant A] Signal: BUY XRPUSDT (EMA sep 3.25 bps)
cryptoscalper_signal_engine  | INFO:SignalEngine:[Variant A] Signal: BUY XRPUSDT (EMA sep 3.28 bps)
cryptoscalper_signal_engine  | INFO:SignalEngine:[Variant A] Signal: BUY XRPUSDT (EMA sep 3.14 bps)
cryptoscalper_signal_engine  | INFO:SignalEngine:[Variant B] Signal: BUY BNBUSDT (EMA sep 3.19 bps)
cryptoscalper_signal_engine  | INFO:SignalEngine:[Variant A] Signal: SELL ETHUSDT (EMA sep 3.54 bps)
cryptoscalper_signal_engine  | INFO:SignalEngine:[Variant B] Signal: SELL ETHUSDT (EMA sep 4.84 bps)
cryptoscalper_signal_engine  | INFO:SignalEngine:[Variant A] Signal: SELL ETHUSDT (EMA sep 3.49 bps)
cryptoscalper_signal_engine  | INFO:SignalEngine:[Variant A] Signal: SELL ETHUSDT (EMA sep 4.32 bps)
cryptoscalper_signal_engine  | INFO:SignalEngine:[Variant A] Signal: SELL ETHUSDT (EMA sep 4.83 bps)
cryptoscalper_signal_engine  | INFO:SignalEngine:[Variant A] Signal: SELL ETHUSDT (EMA sep 5.08 bps)
cryptoscalper_signal_engine  | INFO:SignalEngine:[Variant B] Signal: SELL BNBUSDT (EMA sep 3.37 bps)
cryptoscalper_signal_engine  | INFO:SignalEngine:[Variant A] Signal: BUY BNBUSDT (EMA sep 4.78 bps)
cryptoscalper_signal_engine  | INFO:SignalEngine:[Variant A] Signal: BUY BNBUSDT (EMA sep 6.23 bps)
cryptoscalper_signal_engine  | INFO:SignalEngine:[Variant A] Signal: BUY XRPUSDT (EMA sep 3.69 bps)
cryptoscalper_signal_engine  | INFO:SignalEngine:[Variant A] Signal: BUY BNBUSDT (EMA sep 7.12 bps)
cryptoscalper_signal_engine  | INFO:SignalEngine:[Variant A] Signal: BUY BNBUSDT (EMA sep 7.61 bps)
cryptoscalper_signal_engine  | INFO:SignalEngine:[Variant A] Signal: BUY BNBUSDT (EMA sep 7.88 bps)
cryptoscalper_signal_engine  | INFO:SignalEngine:[Variant A] Signal: BUY BNBUSDT (EMA sep 11.36 bps)
cryptoscalper_signal_engine  | INFO:SignalEngine:[Variant A] Signal: BUY BNBUSDT (EMA sep 11.07 bps)
cryptoscalper_signal_engine  | INFO:SignalEngine:[Variant A] Signal: BUY BNBUSDT (EMA sep 10.65 bps)
cryptoscalper_signal_engine  | INFO:SignalEngine:[Variant A] Signal: BUY BNBUSDT (EMA sep 10.13 bps)
cryptoscalper_signal_engine  | INFO:SignalEngine:[Variant A] Signal: BUY BNBUSDT (EMA sep 9.57 bps)
cryptoscalper_signal_engine  | INFO:SignalEngine:[Variant B] Signal: SELL XRPUSDT (EMA sep 3.15 bps)
cryptoscalper_signal_engine  | INFO:SignalEngine:[Variant B] Signal: BUY XRPUSDT (EMA sep 3.95 bps)
cryptoscalper_signal_engine  | INFO:SignalEngine:[Variant A] Signal: BUY XRPUSDT (EMA sep 3.51 bps)
cryptoscalper_signal_engine  | INFO:SignalEngine:[Variant A] Signal: BUY XRPUSDT (EMA sep 4.00 bps)
cryptoscalper_signal_engine  | INFO:SignalEngine:[Variant A] Signal: BUY XRPUSDT (EMA sep 4.27 bps)
[Kcryptoscalper_signal_engine has been recreated
[Kcryptoscalper_signal_engine exited with code 137
cryptoscalper_signal_engine  | INFO:SignalEngine:Connecting to Redis at redis:6379
cryptoscalper_signal_engine  | INFO:SignalEngine:Loaded lane A: MomentumBurst + EMA regime (fast=8 slow=21 sep>=3 bps)
cryptoscalper_signal_engine  | INFO:SignalEngine:Loaded lane B: MomentumBurst + EMA regime (fast=5 slow=13 sep>=3 bps)
cryptoscalper_signal_engine  | INFO:SignalEngine:Aggregation=momentum_ema_strict | lanes=2 | ema_sep>=3 bps | cap=15/h/symbol
cryptoscalper_signal_engine  | INFO:SignalEngine:Signal Engine started. Waiting for ticks...
cryptoscalper_signal_engine  | INFO:SignalEngine:[Variant B] Signal: BUY XLMUSDT (EMA sep 3.18 bps)
cryptoscalper_signal_engine  | INFO:SignalEngine:[Variant B] Signal: BUY XLMUSDT (EMA sep 3.48 bps)
cryptoscalper_signal_engine  | INFO:SignalEngine:[Variant A] Signal: BUY XLMUSDT (EMA sep 3.47 bps)
cryptoscalper_signal_engine  | INFO:SignalEngine:[Variant A] Signal: BUY XLMUSDT (EMA sep 3.82 bps)
cryptoscalper_signal_engine  | INFO:SignalEngine:[Variant A] Signal: BUY XLMUSDT (EMA sep 3.99 bps)
cryptoscalper_signal_engine  | INFO:SignalEngine:[Variant A] Signal: BUY XLMUSDT (EMA sep 4.04 bps)
[Kcryptoscalper_signal_engine exited with code 137
